<?xml version="1.0" encoding="UTF-8"?>
<testng-results skipped="0" failed="1" ignored="0" total="3" passed="2">
  <reporter-output>
  </reporter-output>
  <suite name="Default suite" duration-ms="4574" started-at="2020-11-19T04:43:34Z" finished-at="2020-11-19T04:43:38Z">
    <groups>
    </groups>
    <test name="Default test" duration-ms="4574" started-at="2020-11-19T04:43:34Z" finished-at="2020-11-19T04:43:38Z">
      <class name="demoproject.pages.tests.Testscenario">
        <test-method status="PASS" signature="setUp()[pri:0, instance:demoproject.pages.tests.Testscenario@4678c730]" name="setUp" is-config="true" duration-ms="5479" started-at="2020-11-19T15:43:28Z" finished-at="2020-11-19T15:43:34Z">
          <reporter-output>
          </reporter-output>
        </test-method> <!-- setUp -->
        <test-method status="PASS" signature="conditioncheck()[pri:0, instance:demoproject.pages.tests.Testscenario@4678c730]" name="conditioncheck" duration-ms="3658" started-at="2020-11-19T15:43:34Z" finished-at="2020-11-19T15:43:37Z">
          <reporter-output>
          </reporter-output>
        </test-method> <!-- conditioncheck -->
        <test-method status="FAIL" signature="conditioncheck1()[pri:0, instance:demoproject.pages.tests.Testscenario@4678c730]" name="conditioncheck1" duration-ms="3" started-at="2020-11-19T15:43:37Z" finished-at="2020-11-19T15:43:37Z">
          <exception class="java.lang.Error">
            <message>
              <![CDATA[Unresolved compilation problem: 
	Syntax error, insert ";" to complete BlockStatements
]]>
            </message>
            <full-stacktrace>
              <![CDATA[java.lang.Error: Unresolved compilation problem: 
	Syntax error, insert ";" to complete BlockStatements

	at demoproject.pages.tests.Testscenario.conditioncheck1(Testscenario.java:50)
	at sun.reflect.NativeMethodAccessorImpl.invoke0(Native Method)
	at sun.reflect.NativeMethodAccessorImpl.invoke(NativeMethodAccessorImpl.java:62)
	at sun.reflect.DelegatingMethodAccessorImpl.invoke(DelegatingMethodAccessorImpl.java:43)
	at java.lang.reflect.Method.invoke(Method.java:498)
	at org.testng.internal.MethodInvocationHelper.invokeMethod(MethodInvocationHelper.java:108)
	at org.testng.internal.Invoker.invokeMethod(Invoker.java:661)
	at org.testng.internal.Invoker.invokeTestMethod(Invoker.java:869)
	at org.testng.internal.Invoker.invokeTestMethods(Invoker.java:1193)
	at org.testng.internal.TestMethodWorker.invokeTestMethods(TestMethodWorker.java:126)
	at org.testng.internal.TestMethodWorker.run(TestMethodWorker.java:109)
	at org.testng.TestRunner.privateRun(TestRunner.java:744)
	at org.testng.TestRunner.run(TestRunner.java:602)
	at org.testng.SuiteRunner.runTest(SuiteRunner.java:380)
	at org.testng.SuiteRunner.runSequentially(SuiteRunner.java:375)
	at org.testng.SuiteRunner.privateRun(SuiteRunner.java:340)
	at org.testng.SuiteRunner.run(SuiteRunner.java:289)
	at org.testng.SuiteRunnerWorker.runSuite(SuiteRunnerWorker.java:52)
	at org.testng.SuiteRunnerWorker.run(SuiteRunnerWorker.java:86)
	at org.testng.TestNG.runSuitesSequentially(TestNG.java:1301)
	at org.testng.TestNG.runSuitesLocally(TestNG.java:1226)
	at org.testng.TestNG.runSuites(TestNG.java:1144)
	at org.testng.TestNG.run(TestNG.java:1115)
	at org.testng.remote.AbstractRemoteTestNG.run(AbstractRemoteTestNG.java:132)
	at org.testng.remote.RemoteTestNG.initAndRun(RemoteTestNG.java:230)
	at org.testng.remote.RemoteTestNG.main(RemoteTestNG.java:76)
]]>
            </full-stacktrace>
          </exception> <!-- java.lang.Error -->
          <reporter-output>
          </reporter-output>
        </test-method> <!-- conditioncheck1 -->
        <test-method status="PASS" signature="conditioncheck2()[pri:0, instance:demoproject.pages.tests.Testscenario@4678c730]" name="conditioncheck2" duration-ms="874" started-at="2020-11-19T15:43:37Z" finished-at="2020-11-19T15:43:38Z">
          <reporter-output>
          </reporter-output>
        </test-method> <!-- conditioncheck2 -->
        <test-method status="PASS" signature="tearDown()[pri:0, instance:demoproject.pages.tests.Testscenario@4678c730]" name="tearDown" is-config="true" duration-ms="139" started-at="2020-11-19T15:43:38Z" finished-at="2020-11-19T15:43:38Z">
          <reporter-output>
          </reporter-output>
        </test-method> <!-- tearDown -->
      </class> <!-- demoproject.pages.tests.Testscenario -->
    </test> <!-- Default test -->
  </suite> <!-- Default suite -->
</testng-results>
